[INFO] Scanning for projects...
[INFO] 
[INFO] -------------< com.people10.assignment:AssignmentPeople10 >-------------
[INFO] Building AssignmentPeople10 0.0.1-SNAPSHOT
[INFO] --------------------------------[ jar ]---------------------------------
[INFO] 
[INFO] >>> spring-boot-maven-plugin:2.3.1.RELEASE:run (default-cli) > test-compile @ AssignmentPeople10 >>>
[WARNING] The artifact org.hibernate:hibernate-validator:jar:6.0.13.Final has been relocated to org.hibernate.validator:hibernate-validator:jar:6.0.13.Final
[INFO] 
[INFO] --- maven-resources-plugin:3.1.0:resources (default-resources) @ AssignmentPeople10 ---
[INFO] Using 'UTF-8' encoding to copy filtered resources.
[INFO] Copying 1 resource
[INFO] Copying 2 resources
[INFO] 
[INFO] --- maven-compiler-plugin:3.8.1:compile (default-compile) @ AssignmentPeople10 ---
[INFO] Changes detected - recompiling the module!
[INFO] Compiling 14 source files to H:\Mutturaj_stuff\AssignmentPeople10\target\classes
[INFO] /H:/Mutturaj_stuff/AssignmentPeople10/src/main/java/com/people10/assignment/AssignmentPeople10/model/Customer.java: H:\Mutturaj_stuff\AssignmentPeople10\src\main\java\com\people10\assignment\AssignmentPeople10\model\Customer.java uses or overrides a deprecated API.
[INFO] /H:/Mutturaj_stuff/AssignmentPeople10/src/main/java/com/people10/assignment/AssignmentPeople10/model/Customer.java: Recompile with -Xlint:deprecation for details.
[INFO] /H:/Mutturaj_stuff/AssignmentPeople10/src/main/java/com/people10/assignment/AssignmentPeople10/service/ReportService.java: H:\Mutturaj_stuff\AssignmentPeople10\src\main\java\com\people10\assignment\AssignmentPeople10\service\ReportService.java uses unchecked or unsafe operations.
[INFO] /H:/Mutturaj_stuff/AssignmentPeople10/src/main/java/com/people10/assignment/AssignmentPeople10/service/ReportService.java: Recompile with -Xlint:unchecked for details.
[INFO] 
[INFO] --- maven-resources-plugin:3.1.0:testResources (default-testResources) @ AssignmentPeople10 ---
[INFO] Using 'UTF-8' encoding to copy filtered resources.
[INFO] skip non existing resourceDirectory H:\Mutturaj_stuff\AssignmentPeople10\src\test\resources
[INFO] 
[INFO] --- maven-compiler-plugin:3.8.1:testCompile (default-testCompile) @ AssignmentPeople10 ---
[INFO] Changes detected - recompiling the module!
[INFO] Compiling 2 source files to H:\Mutturaj_stuff\AssignmentPeople10\target\test-classes
[INFO] 
[INFO] <<< spring-boot-maven-plugin:2.3.1.RELEASE:run (default-cli) < test-compile @ AssignmentPeople10 <<<
[INFO] 
[INFO] 
[INFO] --- spring-boot-maven-plugin:2.3.1.RELEASE:run (default-cli) @ AssignmentPeople10 ---
[INFO] Attaching agents: []

  .   ____          _            __ _ _
 /\\ / ___'_ __ _ _(_)_ __  __ _ \ \ \ \
( ( )\___ | '_ | '_| | '_ \/ _` | \ \ \ \
 \\/  ___)| |_)| | | | | || (_| |  ) ) ) )
  '  |____| .__|_| |_|_| |_\__, | / / / /
 =========|_|==============|___/=/_/_/_/
 :: Spring Boot ::        (v2.3.1.RELEASE)

2020-07-05 12:51:53.817  INFO 4264 --- [  restartedMain] c.p.a.A.AssignmentPeople10Application    : Starting AssignmentPeople10Application on SANJU with PID 4264 (H:\Mutturaj_stuff\AssignmentPeople10\target\classes started by SANJEEVKUMAR in H:\Mutturaj_stuff\AssignmentPeople10)
2020-07-05 12:51:53.821  INFO 4264 --- [  restartedMain] c.p.a.A.AssignmentPeople10Application    : No active profile set, falling back to default profiles: default
2020-07-05 12:51:53.913  INFO 4264 --- [  restartedMain] .e.DevToolsPropertyDefaultsPostProcessor : Devtools property defaults active! Set 'spring.devtools.add-properties' to 'false' to disable
2020-07-05 12:51:53.913  INFO 4264 --- [  restartedMain] .e.DevToolsPropertyDefaultsPostProcessor : For additional web related logging consider setting the 'logging.level.web' property to 'DEBUG'
2020-07-05 12:51:55.299  INFO 4264 --- [  restartedMain] .s.d.r.c.RepositoryConfigurationDelegate : Bootstrapping Spring Data JPA repositories in DEFERRED mode.
2020-07-05 12:51:55.419  INFO 4264 --- [  restartedMain] .s.d.r.c.RepositoryConfigurationDelegate : Finished Spring Data repository scanning in 101ms. Found 2 JPA repository interfaces.
2020-07-05 12:51:57.378  INFO 4264 --- [  restartedMain] o.s.b.w.embedded.tomcat.TomcatWebServer  : Tomcat initialized with port(s): 5706 (http)
2020-07-05 12:51:57.400  INFO 4264 --- [  restartedMain] o.apache.catalina.core.StandardService   : Starting service [Tomcat]
2020-07-05 12:51:57.401  INFO 4264 --- [  restartedMain] org.apache.catalina.core.StandardEngine  : Starting Servlet engine: [Apache Tomcat/9.0.36]
2020-07-05 12:51:57.782  INFO 4264 --- [  restartedMain] o.a.c.c.C.[Tomcat].[localhost].[/]       : Initializing Spring embedded WebApplicationContext
2020-07-05 12:51:57.782  INFO 4264 --- [  restartedMain] w.s.c.ServletWebServerApplicationContext : Root WebApplicationContext: initialization completed in 3868 ms
2020-07-05 12:51:58.044  INFO 4264 --- [  restartedMain] o.s.s.concurrent.ThreadPoolTaskExecutor  : Initializing ExecutorService 'applicationTaskExecutor'
2020-07-05 12:51:58.114  INFO 4264 --- [         task-1] o.hibernate.jpa.internal.util.LogHelper  : HHH000204: Processing PersistenceUnitInfo [name: default]
2020-07-05 12:51:58.197  INFO 4264 --- [         task-1] org.hibernate.Version                    : HHH000412: Hibernate ORM core version 5.4.17.Final
2020-07-05 12:51:58.448  INFO 4264 --- [         task-1] o.hibernate.annotations.common.Version   : HCANN000001: Hibernate Commons Annotations {5.1.0.Final}
2020-07-05 12:51:58.622  INFO 4264 --- [         task-1] com.zaxxer.hikari.HikariDataSource       : HikariPool-1 - Starting...
2020-07-05 12:51:59.039  INFO 4264 --- [         task-1] com.zaxxer.hikari.pool.PoolBase          : HikariPool-1 - Driver does not support get/set network timeout for connections. (com.mysql.jdbc.JDBC4Connection.getNetworkTimeout()I)
2020-07-05 12:51:59.044  INFO 4264 --- [         task-1] com.zaxxer.hikari.HikariDataSource       : HikariPool-1 - Start completed.
2020-07-05 12:51:59.069  INFO 4264 --- [         task-1] org.hibernate.dialect.Dialect            : HHH000400: Using dialect: org.hibernate.dialect.MySQL5Dialect
2020-07-05 12:52:00.107  INFO 4264 --- [         task-1] o.h.e.t.j.p.i.JtaPlatformInitiator       : HHH000490: Using JtaPlatform implementation: [org.hibernate.engine.transaction.jta.platform.internal.NoJtaPlatform]
2020-07-05 12:52:00.117  INFO 4264 --- [         task-1] j.LocalContainerEntityManagerFactoryBean : Initialized JPA EntityManagerFactory for persistence unit 'default'
2020-07-05 12:52:00.192  WARN 4264 --- [         task-2] o.s.b.d.a.OptionalLiveReloadServer       : Unable to start LiveReload server
2020-07-05 12:52:00.768  WARN 4264 --- [  restartedMain] ConfigServletWebServerApplicationContext : Exception encountered during context initialization - cancelling refresh attempt: org.springframework.context.ApplicationContextException: Failed to start bean 'webServerStartStop'; nested exception is org.springframework.boot.web.server.PortInUseException: Port 5706 is already in use
2020-07-05 12:52:00.771  INFO 4264 --- [  restartedMain] j.LocalContainerEntityManagerFactoryBean : Closing JPA EntityManagerFactory for persistence unit 'default'
2020-07-05 12:52:00.775  INFO 4264 --- [  restartedMain] o.s.s.concurrent.ThreadPoolTaskExecutor  : Shutting down ExecutorService 'applicationTaskExecutor'
2020-07-05 12:52:00.778  INFO 4264 --- [  restartedMain] com.zaxxer.hikari.HikariDataSource       : HikariPool-1 - Shutdown initiated...
2020-07-05 12:52:00.787  INFO 4264 --- [  restartedMain] com.zaxxer.hikari.HikariDataSource       : HikariPool-1 - Shutdown completed.
2020-07-05 12:52:00.789  INFO 4264 --- [  restartedMain] o.apache.catalina.core.StandardService   : Stopping service [Tomcat]
2020-07-05 12:52:00.806  INFO 4264 --- [  restartedMain] ConditionEvaluationReportLoggingListener : 

Error starting ApplicationContext. To display the conditions report re-run your application with 'debug' enabled.
2020-07-05 12:52:00.856 ERROR 4264 --- [  restartedMain] o.s.b.d.LoggingFailureAnalysisReporter   : 

***************************
APPLICATION FAILED TO START
***************************

Description:

Web server failed to start. Port 5706 was already in use.

Action:

Identify and stop the process that's listening on port 5706 or configure this application to listen on another port.

[INFO] ------------------------------------------------------------------------
[INFO] BUILD SUCCESS
[INFO] ------------------------------------------------------------------------
[INFO] Total time:  29.956 s
[INFO] Finished at: 2020-07-05T12:52:00+05:30
[INFO] ------------------------------------------------------------------------
 [  restartedMain] .s.d.r.c.RepositoryConfigurationDelegate : Bootstrapping Spring Data JPA repositories in DEFERRED mode.
2020-07-05 12:51:38.113  INFO 24472 --- [  restartedMain] .s.d.r.c.RepositoryConfigurationDelegate : Finished Spring Data repository scanning in 6ms. Found 0 JPA repository interfaces.
2020-07-05 12:51:38.844  INFO 24472 --- [  restartedMain] o.s.b.w.embedded.tomcat.TomcatWebServer  : Tomcat initialized with port(s): 5706 (http)
2020-07-05 12:51:38.846  INFO 24472 --- [  restartedMain] o.apache.catalina.core.StandardService   : Starting service [Tomcat]
2020-07-05 12:51:38.846  INFO 24472 --- [  restartedMain] org.apache.catalina.core.StandardEngine  : Starting Servlet engine: [Apache Tomcat/9.0.36]
2020-07-05 12:51:38.900  INFO 24472 --- [  restartedMain] o.a.c.c.C.[Tomcat].[localhost].[/]       : Initializing Spring embedded WebApplicationContext
2020-07-05 12:51:38.900  INFO 24472 --- [  restartedMain] w.s.c.ServletWebServerApplicationContext : Root WebApplicationContext: initialization completed in 1651 ms
2020-07-05 12:51:39.030  INFO 24472 --- [  restartedMain] o.s.s.concurrent.ThreadPoolTaskExecutor  : Initializing ExecutorService 'applicationTaskExecutor'
2020-07-05 12:51:39.041  INFO 24472 --- [         task-1] o.hibernate.jpa.internal.util.LogHelper  : HHH000204: Processing PersistenceUnitInfo [name: default]
2020-07-05 12:51:39.051  INFO 24472 --- [         task-1] com.zaxxer.hikari.HikariDataSource       : HikariPool-2 - Starting...
2020-07-05 12:51:39.060  INFO 24472 --- [         task-1] com.zaxxer.hikari.pool.PoolBase          : HikariPool-2 - Driver does not support get/set network timeout for connections. (com.mysql.jdbc.JDBC4Connection.getNetworkTimeout()I)
2020-07-05 12:51:39.061  INFO 24472 --- [         task-1] com.zaxxer.hikari.HikariDataSource       : HikariPool-2 - Start completed.
2020-07-05 12:51:39.061  INFO 24472 --- [         task-1] org.hibernate.dialect.Dialect            : HHH000400: Using dialect: org.hibernate.dialect.MySQL5Dialect
2020-07-05 12:51:39.138  INFO 24472 --- [         task-1] o.h.e.t.j.p.i.JtaPlatformInitiator       : HHH000490: Using JtaPlatform implementation: [org.hibernate.engine.transaction.jta.platform.internal.NoJtaPlatform]
2020-07-05 12:51:39.139  INFO 24472 --- [         task-1] j.LocalContainerEntityManagerFactoryBean : Initialized JPA EntityManagerFactory for persistence unit 'default'
2020-07-05 12:51:39.157  INFO 24472 --- [         task-2] o.s.b.d.a.OptionalLiveReloadServer       : LiveReload server is running on port 35729
2020-07-05 12:51:39.520  INFO 24472 --- [  restartedMain] o.s.b.w.embedded.tomcat.TomcatWebServer  : Tomcat started on port(s): 5706 (http) with context path ''
2020-07-05 12:51:39.522  INFO 24472 --- [  restartedMain] DeferredRepositoryInitializationListener : Triggering deferred initialization of Spring Data repositories…
2020-07-05 12:51:39.522  INFO 24472 --- [  restartedMain] DeferredRepositoryInitializationListener : Spring Data repositories initialized!
2020-07-05 12:51:39.531  INFO 24472 --- [  restartedMain] c.p.a.A.AssignmentPeople10Application    : Started AssignmentPeople10Application in 2.361 seconds (JVM running for 71.765)
2020-07-05 12:51:39.536  INFO 24472 --- [  restartedMain] .ConditionEvaluationDeltaLoggingListener : Condition evaluation unchanged
2020-07-05 12:51:45.589  INFO 24472 --- [     Thread-187] j.LocalContainerEntityManagerFactoryBean : Closing JPA EntityManagerFactory for persistence unit 'default'
2020-07-05 12:51:45.590  INFO 24472 --- [     Thread-187] o.s.s.concurrent.ThreadPoolTaskExecutor  : Shutting down ExecutorService 'applicationTaskExecutor'
2020-07-05 12:51:45.590  INFO 24472 --- [     Thread-187] com.zaxxer.hikari.HikariDataSource       : HikariPool-2 - Shutdown initiated...
2020-07-05 12:51:45.595  INFO 24472 --- [     Thread-187] com.zaxxer.hikari.HikariDataSource       : HikariPool-2 - Shutdown completed.

  .   ____          _            __ _ _
 /\\ / ___'_ __ _ _(_)_ __  __ _ \ \ \ \
( ( )\___ | '_ | '_| | '_ \/ _` | \ \ \ \
 \\/  ___)| |_)| | | | | || (_| |  ) ) ) )
  '  |____| .__|_| |_|_| |_\__, | / / / /
 =========|_|==============|___/=/_/_/_/
 :: Spring Boot ::        (v2.3.1.RELEASE)

2020-07-05 12:51:45.916  INFO 24472 --- [  restartedMain] c.p.a.A.AssignmentPeople10Application    : Starting AssignmentPeople10Application on SANJU with PID 24472 (H:\Mutturaj_stuff\AssignmentPeople10\target\classes started by SANJEEVKUMAR in H:\Mutturaj_stuff\AssignmentPeople10)
2020-07-05 12:51:45.917  INFO 24472 --- [  restartedMain] c.p.a.A.AssignmentPeople10Application    : No active profile set, falling back to default profiles: default
2020-07-05 12:51:46.829  INFO 24472 --- [  restartedMain] .s.d.r.c.RepositoryConfigurationDelegate : Bootstrapping Spring Data JPA repositories in DEFERRED mode.
2020-07-05 12:51:46.864  INFO 24472 --- [  restartedMain] .s.d.r.c.RepositoryConfigurationDelegate : Finished Spring Data repository scanning in 21ms. Found 2 JPA repository interfaces.
2020-07-05 12:51:47.193  INFO 24472 --- [  restartedMain] o.s.b.w.embedded.tomcat.TomcatWebServer  : Tomcat initialized with port(s): 5706 (http)
2020-07-05 12:51:47.194  INFO 24472 --- [  restartedMain] o.apache.catalina.core.StandardService   : Starting service [Tomcat]
2020-07-05 12:51:47.194  INFO 24472 --- [  restartedMain] org.apache.catalina.core.StandardEngine  : Starting Servlet engine: [Apache Tomcat/9.0.36]
2020-07-05 12:51:47.356  INFO 24472 --- [  restartedMain] o.a.c.c.C.[Tomcat].[localhost].[/]       : Initializing Spring embedded WebApplicationContext
2020-07-05 12:51:47.357  INFO 24472 --- [  restartedMain] w.s.c.ServletWebServerApplicationContext : Root WebApplicationContext: initialization completed in 1429 ms
2020-07-05 12:51:47.432  INFO 24472 --- [  restartedMain] o.s.s.concurrent.ThreadPoolTaskExecutor  : Initializing ExecutorService 'applicationTaskExecutor'
2020-07-05 12:51:47.441  INFO 24472 --- [         task-1] o.hibernate.jpa.internal.util.LogHelper  : HHH000204: Processing PersistenceUnitInfo [name: default]
2020-07-05 12:51:47.448  INFO 24472 --- [         task-1] com.zaxxer.hikari.HikariDataSource       : HikariPool-3 - Starting...
2020-07-05 12:51:47.455  INFO 24472 --- [         task-1] com.zaxxer.hikari.pool.PoolBase          : HikariPool-3 - Driver does not support get/set network timeout for connections. (com.mysql.jdbc.JDBC4Connection.getNetworkTimeout()I)
2020-07-05 12:51:47.456  INFO 24472 --- [         task-1] com.zaxxer.hikari.HikariDataSource       : HikariPool-3 - Start completed.
2020-07-05 12:51:47.457  INFO 24472 --- [         task-1] org.hibernate.dialect.Dialect            : HHH000400: Using dialect: org.hibernate.dialect.MySQL5Dialect
2020-07-05 12:51:47.656  INFO 24472 --- [         task-1] o.h.e.t.j.p.i.JtaPlatformInitiator       : HHH000490: Using JtaPlatform implementation: [org.hibernate.engine.transaction.jta.platform.internal.NoJtaPlatform]
2020-07-05 12:51:47.657  INFO 24472 --- [         task-1] j.LocalContainerEntityManagerFactoryBean : Initialized JPA EntityManagerFactory for persistence unit 'default'
2020-07-05 12:51:47.664  INFO 24472 --- [         task-2] o.s.b.d.a.OptionalLiveReloadServer       : LiveReload server is running on port 35729
2020-07-05 12:51:47.867  INFO 24472 --- [  restartedMain] o.s.b.w.embedded.tomcat.TomcatWebServer  : Tomcat started on port(s): 5706 (http) with context path ''
2020-07-05 12:51:47.868  INFO 24472 --- [  restartedMain] DeferredRepositoryInitializationListener : Triggering deferred initialization of Spring Data repositories…
2020-07-05 12:51:47.955  INFO 24472 --- [  restartedMain] DeferredRepositoryInitializationListener : Spring Data repositories initialized!
2020-07-05 12:51:47.960  INFO 24472 --- [  restartedMain] c.p.a.A.AssignmentPeople10Application    : Started AssignmentPeople10Application in 2.105 seconds (JVM running for 80.195)
2020-07-05 12:51:47.963  INFO 24472 --- [  restartedMain] .ConditionEvaluationDeltaLoggingListener : Condition evaluation unchanged
